<?xml version="1.0" encoding="UTF-8"?>
<!-- Generated by org.testng.reporters.JUnitReportReporter -->
<testsuite hostname="DESKTOP-1NB2K1E" failures="0" tests="5" name="com.crm.qa.testcases.addNewCustomerTest" time="61.714" errors="0" timestamp="21 Mar 2020 05:17:48 GMT" skipped="0">
  <testcase classname="com.crm.qa.testcases.addNewCustomerTest" name="AddCustomer" time="12.199"/>
  <testcase classname="com.crm.qa.testcases.addNewCustomerTest" name="AddCustomer" time="12.275"/>
  <testcase classname="com.crm.qa.testcases.addNewCustomerTest" name="AddnewCustomerTest" time="12.135"/>
  <testcase classname="com.crm.qa.testcases.addNewCustomerTest" name="AddCustomer" time="12.327"/>
  <testcase classname="com.crm.qa.testcases.addNewCustomerTest" name="AddCustomer" time="12.778"/>
</testsuite> <!-- com.crm.qa.testcases.addNewCustomerTest -->
