<?xml version="1.0" encoding="UTF-8"?>
<!-- Generated by org.testng.reporters.JUnitReportReporter -->
<testsuite hostname="DESKTOP-1NB2K1E" failures="0" tests="1" name="com.crm.qa.testcases.loginPaheTest" time="13.047" errors="0" timestamp="21 Mar 2020 05:17:48 GMT" skipped="0">
  <testcase classname="com.crm.qa.testcases.loginPaheTest" name="loginTest" time="13.047"/>
</testsuite> <!-- com.crm.qa.testcases.loginPaheTest -->
