<?xml version="1.0" encoding="UTF-8"?>
<!-- Generated by org.testng.reporters.JUnitReportReporter -->
<testsuite hostname="DESKTOP-1NB2K1E" failures="0" tests="5" name="com.mrgClac.PagesTest.HomePageTest" time="37.928" errors="0" timestamp="2020-03-25T22:08:44 EDT" skipped="0">
  <testcase classname="com.mrgClac.PagesTest.HomePageTest" name="homepageTest" time="7.641"/>
  <system-out/>
  <testcase classname="com.mrgClac.PagesTest.HomePageTest" name="homepageTest" time="7.864"/>
  <system-out/>
  <testcase classname="com.mrgClac.PagesTest.HomePageTest" name="homepageTest" time="7.335"/>
  <system-out/>
  <testcase classname="com.mrgClac.PagesTest.HomePageTest" name="homepageTest" time="7.568"/>
  <system-out/>
  <testcase classname="com.mrgClac.PagesTest.HomePageTest" name="homepageTest" time="7.520"/>
  <system-out/>
</testsuite> <!-- com.mrgClac.PagesTest.HomePageTest -->
