<?xml version="1.0" encoding="UTF-8"?>
<!-- Generated by org.testng.reporters.JUnitReportReporter -->
<testsuite hostname="DESKTOP-1NB2K1E" failures="0" tests="5" name="com.crm.qa.testcases.addNewCustomerTest" time="62.168" errors="0" timestamp="21 Mar 2020 18:27:25 GMT" skipped="0">
  <testcase classname="com.crm.qa.testcases.addNewCustomerTest" name="AddnewCustomerTest" time="12.877"/>
  <testcase classname="com.crm.qa.testcases.addNewCustomerTest" name="AddCustomer" time="12.504"/>
  <testcase classname="com.crm.qa.testcases.addNewCustomerTest" name="AddCustomer" time="12.286"/>
  <testcase classname="com.crm.qa.testcases.addNewCustomerTest" name="AddCustomer" time="12.319"/>
  <testcase classname="com.crm.qa.testcases.addNewCustomerTest" name="AddCustomer" time="12.182"/>
</testsuite> <!-- com.crm.qa.testcases.addNewCustomerTest -->
